app/build/intermediates/manifest_merge_blame_file/debug/processDebugMainManifest/manifest-merger-blame-debug-report.txt
1<?xml version="1.0" encoding="utf-8"?>
2<manifest xmlns:android="http://schemas.android.com/apk/res/android"
3    package="com.example.quokka_event"
4    android:versionCode="1"
5    android:versionName="1.0" >
6
7    <uses-sdk
8        android:minSdkVersion="24"
9        android:targetSdkVersion="34" />
10
11    <!-- Although the *SdkVersion is captured in gradle build files, this is required for non gradle builds -->
12    <!-- <uses-sdk android:minSdkVersion="21" /> -->
13    <uses-permission android:name="android.permission.ACCESS_NETWORK_STATE" />
13-->[com.google.firebase:firebase-firestore:25.1.0] AndroidManifest.xml:10:5-79
13-->[com.google.firebase:firebase-firestore:25.1.0] AndroidManifest.xml:10:22-76
14    <uses-permission android:name="android.permission.INTERNET" />
14-->[com.google.firebase:firebase-firestore:25.1.0] AndroidManifest.xml:11:5-67
14-->[com.google.firebase:firebase-firestore:25.1.0] AndroidManifest.xml:11:22-64
15    <uses-permission android:name="android.permission.CAMERA" /> <!-- Don't require camera, as this requires a rear camera. This allows it to work on the Nexus 7 -->
15-->[com.journeyapps:zxing-android-embedded:4.3.0] AndroidManifest.xml:22:5-65
15-->[com.journeyapps:zxing-android-embedded:4.3.0] AndroidManifest.xml:22:22-62
16    <uses-feature
16-->[com.journeyapps:zxing-android-embedded:4.3.0] AndroidManifest.xml:25:5-27:36
17        android:name="android.hardware.camera"
17-->[com.journeyapps:zxing-android-embedded:4.3.0] AndroidManifest.xml:26:9-47
18        android:required="false" />
18-->[com.journeyapps:zxing-android-embedded:4.3.0] AndroidManifest.xml:27:9-33
19    <uses-feature
19-->[com.journeyapps:zxing-android-embedded:4.3.0] AndroidManifest.xml:28:5-30:36
20        android:name="android.hardware.camera.front"
20-->[com.journeyapps:zxing-android-embedded:4.3.0] AndroidManifest.xml:29:9-53
21        android:required="false" /> <!-- TODO replace above two with next line after Android 4.2 -->
21-->[com.journeyapps:zxing-android-embedded:4.3.0] AndroidManifest.xml:30:9-33
22    <!-- <uses-feature android:name="android.hardware.camera.any"/> -->
23    <uses-feature
23-->[com.journeyapps:zxing-android-embedded:4.3.0] AndroidManifest.xml:33:5-35:36
24        android:name="android.hardware.camera.autofocus"
24-->[com.journeyapps:zxing-android-embedded:4.3.0] AndroidManifest.xml:34:9-57
25        android:required="false" />
25-->[com.journeyapps:zxing-android-embedded:4.3.0] AndroidManifest.xml:35:9-33
26    <uses-feature
26-->[com.journeyapps:zxing-android-embedded:4.3.0] AndroidManifest.xml:36:5-38:36
27        android:name="android.hardware.camera.flash"
27-->[com.journeyapps:zxing-android-embedded:4.3.0] AndroidManifest.xml:37:9-53
28        android:required="false" />
28-->[com.journeyapps:zxing-android-embedded:4.3.0] AndroidManifest.xml:38:9-33
29    <uses-feature
29-->[com.journeyapps:zxing-android-embedded:4.3.0] AndroidManifest.xml:39:5-41:36
30        android:name="android.hardware.screen.landscape"
30-->[com.journeyapps:zxing-android-embedded:4.3.0] AndroidManifest.xml:40:9-57
31        android:required="false" />
31-->[com.journeyapps:zxing-android-embedded:4.3.0] AndroidManifest.xml:41:9-33
32    <uses-feature
32-->[com.journeyapps:zxing-android-embedded:4.3.0] AndroidManifest.xml:42:5-44:36
33        android:name="android.hardware.wifi"
33-->[com.journeyapps:zxing-android-embedded:4.3.0] AndroidManifest.xml:43:9-45
34        android:required="false" />
34-->[com.journeyapps:zxing-android-embedded:4.3.0] AndroidManifest.xml:44:9-33
35
36    <uses-permission android:name="com.google.android.providers.gsf.permission.READ_GSERVICES" />
36-->[com.google.android.recaptcha:recaptcha:18.4.0] AndroidManifest.xml:9:5-98
36-->[com.google.android.recaptcha:recaptcha:18.4.0] AndroidManifest.xml:9:22-95
37
38    <permission
38-->[androidx.core:core:1.13.0] AndroidManifest.xml:22:5-24:47
39        android:name="com.example.quokka_event.DYNAMIC_RECEIVER_NOT_EXPORTED_PERMISSION"
39-->[androidx.core:core:1.13.0] AndroidManifest.xml:23:9-81
40        android:protectionLevel="signature" />
40-->[androidx.core:core:1.13.0] AndroidManifest.xml:24:9-44
41
42    <uses-permission android:name="com.example.quokka_event.DYNAMIC_RECEIVER_NOT_EXPORTED_PERMISSION" />
42-->[androidx.core:core:1.13.0] AndroidManifest.xml:26:5-97
42-->[androidx.core:core:1.13.0] AndroidManifest.xml:26:22-94
43    <uses-permission android:name="android.permission.REORDER_TASKS" />
43-->[androidx.test:core:1.6.1] AndroidManifest.xml:24:5-72
43-->[androidx.test:core:1.6.1] AndroidManifest.xml:24:22-69
44
45    <queries>
45-->[androidx.test:runner:1.6.1] AndroidManifest.xml:24:5-28:15
46        <package android:name="androidx.test.orchestrator" />
46-->[androidx.test:runner:1.6.1] AndroidManifest.xml:25:9-62
46-->[androidx.test:runner:1.6.1] AndroidManifest.xml:25:18-59
47        <package android:name="androidx.test.services" />
47-->[androidx.test:runner:1.6.1] AndroidManifest.xml:26:9-58
47-->[androidx.test:runner:1.6.1] AndroidManifest.xml:26:18-55
48        <package android:name="com.google.android.apps.common.testing.services" />
48-->[androidx.test:runner:1.6.1] AndroidManifest.xml:27:9-83
48-->[androidx.test:runner:1.6.1] AndroidManifest.xml:27:18-80
49    </queries>
50
51    <application
51-->src/main/AndroidManifest.xml:5:5-45:19
52        android:allowBackup="true"
52-->src/main/AndroidManifest.xml:6:9-35
53        android:appComponentFactory="androidx.core.app.CoreComponentFactory"
53-->[androidx.core:core:1.13.0] AndroidManifest.xml:28:18-86
54        android:dataExtractionRules="@xml/data_extraction_rules"
54-->src/main/AndroidManifest.xml:7:9-65
55        android:debuggable="true"
56        android:extractNativeLibs="false"
57        android:fullBackupContent="@xml/backup_rules"
57-->src/main/AndroidManifest.xml:8:9-54
58        android:icon="@mipmap/ic_launcher"
58-->src/main/AndroidManifest.xml:9:9-43
59        android:label="@string/app_name"
59-->src/main/AndroidManifest.xml:10:9-41
60        android:roundIcon="@mipmap/ic_launcher_round"
60-->src/main/AndroidManifest.xml:11:9-54
61        android:supportsRtl="true"
61-->src/main/AndroidManifest.xml:12:9-35
62        android:testOnly="true"
63        android:theme="@style/Theme.Quokkaevent" >
63-->src/main/AndroidManifest.xml:13:9-49
64        <activity
64-->src/main/AndroidManifest.xml:15:9-17:40
65            android:name="com.example.quokka_event.controllers.EventDetailsViewActivity"
65-->src/main/AndroidManifest.xml:16:13-65
66            android:exported="false" />
66-->src/main/AndroidManifest.xml:17:13-37
67        <activity
67-->src/main/AndroidManifest.xml:18:9-20:40
68            android:name="com.example.quokka_event.QrScannerPageActivity"
68-->src/main/AndroidManifest.xml:19:13-50
69            android:exported="false" />
69-->src/main/AndroidManifest.xml:20:13-37
70        <activity
70-->src/main/AndroidManifest.xml:21:9-29:20
71            android:name="com.example.quokka_event.MainActivity"
71-->src/main/AndroidManifest.xml:22:13-41
72            android:exported="true" >
72-->src/main/AndroidManifest.xml:23:13-36
73            <intent-filter>
73-->src/main/AndroidManifest.xml:24:13-28:29
74                <action android:name="android.intent.action.MAIN" />
74-->src/main/AndroidManifest.xml:25:17-69
74-->src/main/AndroidManifest.xml:25:25-66
75
76                <category android:name="android.intent.category.LAUNCHER" />
76-->src/main/AndroidManifest.xml:27:17-77
76-->src/main/AndroidManifest.xml:27:27-74
77            </intent-filter>
78        </activity>
79        <activity android:name="com.example.quokka_event.controllers.AdminLandingPageActivity" />
79-->src/main/AndroidManifest.xml:30:9-74
79-->src/main/AndroidManifest.xml:30:19-71
80        <activity android:name="com.example.quokka_event.controllers.BrowseProfileDetailsActivity" />
80-->src/main/AndroidManifest.xml:31:9-78
80-->src/main/AndroidManifest.xml:31:19-75
81        <activity android:name="com.example.quokka_event.controllers.BrowseProfilesActivity" />
81-->src/main/AndroidManifest.xml:32:9-71
81-->src/main/AndroidManifest.xml:32:19-69
82        <activity android:name="com.example.quokka_event.controllers.AdminBrowseEventsActivity" />
82-->src/main/AndroidManifest.xml:33:9-75
82-->src/main/AndroidManifest.xml:33:19-72
83        <activity android:name="com.example.quokka_event.controllers.AdminEventTabsActivity" />
83-->src/main/AndroidManifest.xml:34:9-72
83-->src/main/AndroidManifest.xml:34:19-69
84        <activity android:name="com.example.quokka_event.controllers.MyEventsActivity" />
84-->src/main/AndroidManifest.xml:35:9-66
84-->src/main/AndroidManifest.xml:35:19-63
85        <activity android:name="com.example.quokka_event.controllers.EventDetailsActivity" />
85-->src/main/AndroidManifest.xml:36:9-70
85-->src/main/AndroidManifest.xml:36:19-67
86        <activity android:name="com.example.quokka_event.controllers.ConfirmationActivity" />
86-->src/main/AndroidManifest.xml:37:9-70
86-->src/main/AndroidManifest.xml:37:19-67
87        <activity android:name="com.example.quokka_event.controllers.WaitlistActivity" />
87-->src/main/AndroidManifest.xml:38:9-66
87-->src/main/AndroidManifest.xml:38:19-63
88        <activity android:name="com.example.quokka_event.NotificationPageActivity" />
88-->src/main/AndroidManifest.xml:39:9-62
88-->src/main/AndroidManifest.xml:39:19-59
89        <activity android:name="com.example.quokka_event.OrganizerEventsPageActivity" />
89-->src/main/AndroidManifest.xml:40:9-65
89-->src/main/AndroidManifest.xml:40:19-62
90        <activity android:name="com.example.quokka_event.controllers.EventTabsActivity" />
90-->src/main/AndroidManifest.xml:41:9-67
90-->src/main/AndroidManifest.xml:41:19-64
91        <activity android:name="com.example.quokka_event.UserProfilePageActivity" />
91-->src/main/AndroidManifest.xml:42:9-61
91-->src/main/AndroidManifest.xml:42:19-58
92        <activity android:name="com.example.quokka_event.controllers.AdminFacilityActivity" />
92-->src/main/AndroidManifest.xml:43:9-70
92-->src/main/AndroidManifest.xml:43:19-68
93        <activity android:name="com.example.quokka_event.controllers.AdminFacilityDetails" />
93-->src/main/AndroidManifest.xml:44:9-69
93-->src/main/AndroidManifest.xml:44:19-67
94
95        <service
95-->[com.google.firebase:firebase-firestore:25.1.0] AndroidManifest.xml:14:9-23:19
96            android:name="com.google.firebase.components.ComponentDiscoveryService"
96-->[com.google.firebase:firebase-firestore:25.1.0] AndroidManifest.xml:15:13-84
97            android:directBootAware="true"
97-->[com.google.firebase:firebase-common:21.0.0] AndroidManifest.xml:32:13-43
98            android:exported="false" >
98-->[com.google.firebase:firebase-firestore:25.1.0] AndroidManifest.xml:16:13-37
99            <meta-data
99-->[com.google.firebase:firebase-firestore:25.1.0] AndroidManifest.xml:17:13-19:85
100                android:name="com.google.firebase.components:com.google.firebase.firestore.FirebaseFirestoreKtxRegistrar"
100-->[com.google.firebase:firebase-firestore:25.1.0] AndroidManifest.xml:18:17-122
101                android:value="com.google.firebase.components.ComponentRegistrar" />
101-->[com.google.firebase:firebase-firestore:25.1.0] AndroidManifest.xml:19:17-82
102            <meta-data
102-->[com.google.firebase:firebase-firestore:25.1.0] AndroidManifest.xml:20:13-22:85
103                android:name="com.google.firebase.components:com.google.firebase.firestore.FirestoreRegistrar"
103-->[com.google.firebase:firebase-firestore:25.1.0] AndroidManifest.xml:21:17-111
104                android:value="com.google.firebase.components.ComponentRegistrar" />
104-->[com.google.firebase:firebase-firestore:25.1.0] AndroidManifest.xml:22:17-82
105            <meta-data
105-->[com.google.firebase:firebase-auth:23.0.0] AndroidManifest.xml:69:13-71:85
106                android:name="com.google.firebase.components:com.google.firebase.auth.FirebaseAuthRegistrar"
106-->[com.google.firebase:firebase-auth:23.0.0] AndroidManifest.xml:70:17-109
107                android:value="com.google.firebase.components.ComponentRegistrar" />
107-->[com.google.firebase:firebase-auth:23.0.0] AndroidManifest.xml:71:17-82
108            <meta-data
108-->[com.google.firebase:firebase-common-ktx:21.0.0] AndroidManifest.xml:12:13-14:85
109                android:name="com.google.firebase.components:com.google.firebase.ktx.FirebaseCommonLegacyRegistrar"
109-->[com.google.firebase:firebase-common-ktx:21.0.0] AndroidManifest.xml:13:17-116
110                android:value="com.google.firebase.components.ComponentRegistrar" />
110-->[com.google.firebase:firebase-common-ktx:21.0.0] AndroidManifest.xml:14:17-82
111            <meta-data
111-->[com.google.firebase:firebase-common:21.0.0] AndroidManifest.xml:35:13-37:85
112                android:name="com.google.firebase.components:com.google.firebase.FirebaseCommonKtxRegistrar"
112-->[com.google.firebase:firebase-common:21.0.0] AndroidManifest.xml:36:17-109
113                android:value="com.google.firebase.components.ComponentRegistrar" />
113-->[com.google.firebase:firebase-common:21.0.0] AndroidManifest.xml:37:17-82
114        </service>
115
116        <activity
116-->[com.google.firebase:firebase-auth:23.0.0] AndroidManifest.xml:29:9-46:20
117            android:name="com.google.firebase.auth.internal.GenericIdpActivity"
117-->[com.google.firebase:firebase-auth:23.0.0] AndroidManifest.xml:30:13-80
118            android:excludeFromRecents="true"
118-->[com.google.firebase:firebase-auth:23.0.0] AndroidManifest.xml:31:13-46
119            android:exported="true"
119-->[com.google.firebase:firebase-auth:23.0.0] AndroidManifest.xml:32:13-36
120            android:launchMode="singleTask"
120-->[com.google.firebase:firebase-auth:23.0.0] AndroidManifest.xml:33:13-44
121            android:theme="@android:style/Theme.Translucent.NoTitleBar" >
121-->[com.google.firebase:firebase-auth:23.0.0] AndroidManifest.xml:34:13-72
122            <intent-filter>
122-->[com.google.firebase:firebase-auth:23.0.0] AndroidManifest.xml:35:13-45:29
123                <action android:name="android.intent.action.VIEW" />
123-->[com.google.firebase:firebase-auth:23.0.0] AndroidManifest.xml:36:17-69
123-->[com.google.firebase:firebase-auth:23.0.0] AndroidManifest.xml:36:25-66
124
125                <category android:name="android.intent.category.DEFAULT" />
125-->[com.google.firebase:firebase-auth:23.0.0] AndroidManifest.xml:38:17-76
125-->[com.google.firebase:firebase-auth:23.0.0] AndroidManifest.xml:38:27-73
126                <category android:name="android.intent.category.BROWSABLE" />
126-->[com.google.firebase:firebase-auth:23.0.0] AndroidManifest.xml:39:17-78
126-->[com.google.firebase:firebase-auth:23.0.0] AndroidManifest.xml:39:27-75
127
128                <data
128-->[com.google.firebase:firebase-auth:23.0.0] AndroidManifest.xml:41:17-44:51
129                    android:host="firebase.auth"
129-->[com.google.firebase:firebase-auth:23.0.0] AndroidManifest.xml:42:21-49
130                    android:path="/"
130-->[com.google.firebase:firebase-auth:23.0.0] AndroidManifest.xml:43:21-37
131                    android:scheme="genericidp" />
131-->[com.google.firebase:firebase-auth:23.0.0] AndroidManifest.xml:44:21-48
132            </intent-filter>
133        </activity>
134        <activity
134-->[com.google.firebase:firebase-auth:23.0.0] AndroidManifest.xml:47:9-64:20
135            android:name="com.google.firebase.auth.internal.RecaptchaActivity"
135-->[com.google.firebase:firebase-auth:23.0.0] AndroidManifest.xml:48:13-79
136            android:excludeFromRecents="true"
136-->[com.google.firebase:firebase-auth:23.0.0] AndroidManifest.xml:49:13-46
137            android:exported="true"
137-->[com.google.firebase:firebase-auth:23.0.0] AndroidManifest.xml:50:13-36
138            android:launchMode="singleTask"
138-->[com.google.firebase:firebase-auth:23.0.0] AndroidManifest.xml:51:13-44
139            android:theme="@android:style/Theme.Translucent.NoTitleBar" >
139-->[com.google.firebase:firebase-auth:23.0.0] AndroidManifest.xml:52:13-72
140            <intent-filter>
140-->[com.google.firebase:firebase-auth:23.0.0] AndroidManifest.xml:53:13-63:29
141                <action android:name="android.intent.action.VIEW" />
141-->[com.google.firebase:firebase-auth:23.0.0] AndroidManifest.xml:36:17-69
141-->[com.google.firebase:firebase-auth:23.0.0] AndroidManifest.xml:36:25-66
142
143                <category android:name="android.intent.category.DEFAULT" />
143-->[com.google.firebase:firebase-auth:23.0.0] AndroidManifest.xml:38:17-76
143-->[com.google.firebase:firebase-auth:23.0.0] AndroidManifest.xml:38:27-73
144                <category android:name="android.intent.category.BROWSABLE" />
144-->[com.google.firebase:firebase-auth:23.0.0] AndroidManifest.xml:39:17-78
144-->[com.google.firebase:firebase-auth:23.0.0] AndroidManifest.xml:39:27-75
145
146                <data
146-->[com.google.firebase:firebase-auth:23.0.0] AndroidManifest.xml:41:17-44:51
147                    android:host="firebase.auth"
147-->[com.google.firebase:firebase-auth:23.0.0] AndroidManifest.xml:42:21-49
148                    android:path="/"
148-->[com.google.firebase:firebase-auth:23.0.0] AndroidManifest.xml:43:21-37
149                    android:scheme="recaptcha" />
149-->[com.google.firebase:firebase-auth:23.0.0] AndroidManifest.xml:44:21-48
150            </intent-filter>
151        </activity>
152        <activity
152-->[com.journeyapps:zxing-android-embedded:4.3.0] AndroidManifest.xml:47:9-53:63
153            android:name="com.journeyapps.barcodescanner.CaptureActivity"
153-->[com.journeyapps:zxing-android-embedded:4.3.0] AndroidManifest.xml:48:13-74
154            android:clearTaskOnLaunch="true"
154-->[com.journeyapps:zxing-android-embedded:4.3.0] AndroidManifest.xml:49:13-45
155            android:screenOrientation="sensorLandscape"
155-->[com.journeyapps:zxing-android-embedded:4.3.0] AndroidManifest.xml:50:13-56
156            android:stateNotNeeded="true"
156-->[com.journeyapps:zxing-android-embedded:4.3.0] AndroidManifest.xml:51:13-42
157            android:theme="@style/zxing_CaptureTheme"
157-->[com.journeyapps:zxing-android-embedded:4.3.0] AndroidManifest.xml:52:13-54
158            android:windowSoftInputMode="stateAlwaysHidden" />
158-->[com.journeyapps:zxing-android-embedded:4.3.0] AndroidManifest.xml:53:13-60
159
160        <service
160-->[androidx.credentials:credentials-play-services-auth:1.2.0-rc01] AndroidManifest.xml:24:9-32:19
161            android:name="androidx.credentials.playservices.CredentialProviderMetadataHolder"
161-->[androidx.credentials:credentials-play-services-auth:1.2.0-rc01] AndroidManifest.xml:25:13-94
162            android:enabled="true"
162-->[androidx.credentials:credentials-play-services-auth:1.2.0-rc01] AndroidManifest.xml:26:13-35
163            android:exported="false" >
163-->[androidx.credentials:credentials-play-services-auth:1.2.0-rc01] AndroidManifest.xml:27:13-37
164            <meta-data
164-->[androidx.credentials:credentials-play-services-auth:1.2.0-rc01] AndroidManifest.xml:29:13-31:104
165                android:name="androidx.credentials.CREDENTIAL_PROVIDER_KEY"
165-->[androidx.credentials:credentials-play-services-auth:1.2.0-rc01] AndroidManifest.xml:30:17-76
166                android:value="androidx.credentials.playservices.CredentialProviderPlayServicesImpl" />
166-->[androidx.credentials:credentials-play-services-auth:1.2.0-rc01] AndroidManifest.xml:31:17-101
167        </service>
168
169        <activity
169-->[androidx.credentials:credentials-play-services-auth:1.2.0-rc01] AndroidManifest.xml:34:9-41:20
170            android:name="androidx.credentials.playservices.HiddenActivity"
170-->[androidx.credentials:credentials-play-services-auth:1.2.0-rc01] AndroidManifest.xml:35:13-76
171            android:configChanges="orientation|screenSize|screenLayout|keyboardHidden"
171-->[androidx.credentials:credentials-play-services-auth:1.2.0-rc01] AndroidManifest.xml:36:13-87
172            android:enabled="true"
172-->[androidx.credentials:credentials-play-services-auth:1.2.0-rc01] AndroidManifest.xml:37:13-35
173            android:exported="false"
173-->[androidx.credentials:credentials-play-services-auth:1.2.0-rc01] AndroidManifest.xml:38:13-37
174            android:fitsSystemWindows="true"
174-->[androidx.credentials:credentials-play-services-auth:1.2.0-rc01] AndroidManifest.xml:39:13-45
175            android:theme="@style/Theme.Hidden" >
175-->[androidx.credentials:credentials-play-services-auth:1.2.0-rc01] AndroidManifest.xml:40:13-48
176        </activity>
177        <activity
177-->[com.google.android.gms:play-services-auth:20.7.0] AndroidManifest.xml:23:9-27:75
178            android:name="com.google.android.gms.auth.api.signin.internal.SignInHubActivity"
178-->[com.google.android.gms:play-services-auth:20.7.0] AndroidManifest.xml:24:13-93
179            android:excludeFromRecents="true"
179-->[com.google.android.gms:play-services-auth:20.7.0] AndroidManifest.xml:25:13-46
180            android:exported="false"
180-->[com.google.android.gms:play-services-auth:20.7.0] AndroidManifest.xml:26:13-37
181            android:theme="@android:style/Theme.Translucent.NoTitleBar" />
181-->[com.google.android.gms:play-services-auth:20.7.0] AndroidManifest.xml:27:13-72
182        <!--
183            Service handling Google Sign-In user revocation. For apps that do not integrate with
184            Google Sign-In, this service will never be started.
185        -->
186        <service
186-->[com.google.android.gms:play-services-auth:20.7.0] AndroidManifest.xml:33:9-37:51
187            android:name="com.google.android.gms.auth.api.signin.RevocationBoundService"
187-->[com.google.android.gms:play-services-auth:20.7.0] AndroidManifest.xml:34:13-89
188            android:exported="true"
188-->[com.google.android.gms:play-services-auth:20.7.0] AndroidManifest.xml:35:13-36
189            android:permission="com.google.android.gms.auth.api.signin.permission.REVOCATION_NOTIFICATION"
189-->[com.google.android.gms:play-services-auth:20.7.0] AndroidManifest.xml:36:13-107
190            android:visibleToInstantApps="true" />
190-->[com.google.android.gms:play-services-auth:20.7.0] AndroidManifest.xml:37:13-48
191
192        <provider
192-->[com.google.firebase:firebase-common:21.0.0] AndroidManifest.xml:23:9-28:39
193            android:name="com.google.firebase.provider.FirebaseInitProvider"
193-->[com.google.firebase:firebase-common:21.0.0] AndroidManifest.xml:24:13-77
194            android:authorities="com.example.quokka_event.firebaseinitprovider"
194-->[com.google.firebase:firebase-common:21.0.0] AndroidManifest.xml:25:13-72
195            android:directBootAware="true"
195-->[com.google.firebase:firebase-common:21.0.0] AndroidManifest.xml:26:13-43
196            android:exported="false"
196-->[com.google.firebase:firebase-common:21.0.0] AndroidManifest.xml:27:13-37
197            android:initOrder="100" />
197-->[com.google.firebase:firebase-common:21.0.0] AndroidManifest.xml:28:13-36
198
199        <activity
199-->[com.google.android.gms:play-services-base:18.0.1] AndroidManifest.xml:20:9-22:45
200            android:name="com.google.android.gms.common.api.GoogleApiActivity"
200-->[com.google.android.gms:play-services-base:18.0.1] AndroidManifest.xml:20:19-85
201            android:exported="false"
201-->[com.google.android.gms:play-services-base:18.0.1] AndroidManifest.xml:22:19-43
202            android:theme="@android:style/Theme.Translucent.NoTitleBar" />
202-->[com.google.android.gms:play-services-base:18.0.1] AndroidManifest.xml:21:19-78
203
204        <provider
204-->[androidx.emoji2:emoji2:1.3.0] AndroidManifest.xml:24:9-32:20
205            android:name="androidx.startup.InitializationProvider"
205-->[androidx.emoji2:emoji2:1.3.0] AndroidManifest.xml:25:13-67
206            android:authorities="com.example.quokka_event.androidx-startup"
206-->[androidx.emoji2:emoji2:1.3.0] AndroidManifest.xml:26:13-68
207            android:exported="false" >
207-->[androidx.emoji2:emoji2:1.3.0] AndroidManifest.xml:27:13-37
208            <meta-data
208-->[androidx.emoji2:emoji2:1.3.0] AndroidManifest.xml:29:13-31:52
209                android:name="androidx.emoji2.text.EmojiCompatInitializer"
209-->[androidx.emoji2:emoji2:1.3.0] AndroidManifest.xml:30:17-75
210                android:value="androidx.startup" />
210-->[androidx.emoji2:emoji2:1.3.0] AndroidManifest.xml:31:17-49
211            <meta-data
211-->[androidx.lifecycle:lifecycle-process:2.6.2] AndroidManifest.xml:29:13-31:52
212                android:name="androidx.lifecycle.ProcessLifecycleInitializer"
212-->[androidx.lifecycle:lifecycle-process:2.6.2] AndroidManifest.xml:30:17-78
213                android:value="androidx.startup" />
213-->[androidx.lifecycle:lifecycle-process:2.6.2] AndroidManifest.xml:31:17-49
214            <meta-data
214-->[androidx.profileinstaller:profileinstaller:1.3.1] AndroidManifest.xml:29:13-31:52
215                android:name="androidx.profileinstaller.ProfileInstallerInitializer"
215-->[androidx.profileinstaller:profileinstaller:1.3.1] AndroidManifest.xml:30:17-85
216                android:value="androidx.startup" />
216-->[androidx.profileinstaller:profileinstaller:1.3.1] AndroidManifest.xml:31:17-49
217        </provider>
218
219        <activity
219-->[androidx.test:core:1.6.1] AndroidManifest.xml:27:9-34:20
220            android:name="androidx.test.core.app.InstrumentationActivityInvoker$BootstrapActivity"
220-->[androidx.test:core:1.6.1] AndroidManifest.xml:28:13-99
221            android:exported="true"
221-->[androidx.test:core:1.6.1] AndroidManifest.xml:29:13-36
222            android:theme="@style/WhiteBackgroundTheme" >
222-->[androidx.test:core:1.6.1] AndroidManifest.xml:30:13-56
223            <intent-filter android:priority="-100" >
223-->[androidx.test:core:1.6.1] AndroidManifest.xml:31:13-33:29
223-->[androidx.test:core:1.6.1] AndroidManifest.xml:31:28-51
224                <category android:name="android.intent.category.LAUNCHER" />
224-->src/main/AndroidManifest.xml:27:17-77
224-->src/main/AndroidManifest.xml:27:27-74
225            </intent-filter>
226        </activity>
227        <activity
227-->[androidx.test:core:1.6.1] AndroidManifest.xml:35:9-42:20
228            android:name="androidx.test.core.app.InstrumentationActivityInvoker$EmptyActivity"
228-->[androidx.test:core:1.6.1] AndroidManifest.xml:36:13-95
229            android:exported="true"
229-->[androidx.test:core:1.6.1] AndroidManifest.xml:37:13-36
230            android:theme="@style/WhiteBackgroundTheme" >
230-->[androidx.test:core:1.6.1] AndroidManifest.xml:38:13-56
231            <intent-filter android:priority="-100" >
231-->[androidx.test:core:1.6.1] AndroidManifest.xml:31:13-33:29
231-->[androidx.test:core:1.6.1] AndroidManifest.xml:31:28-51
232                <category android:name="android.intent.category.LAUNCHER" />
232-->src/main/AndroidManifest.xml:27:17-77
232-->src/main/AndroidManifest.xml:27:27-74
233            </intent-filter>
234        </activity>
235        <activity
235-->[androidx.test:core:1.6.1] AndroidManifest.xml:43:9-50:20
236            android:name="androidx.test.core.app.InstrumentationActivityInvoker$EmptyFloatingActivity"
236-->[androidx.test:core:1.6.1] AndroidManifest.xml:44:13-103
237            android:exported="true"
237-->[androidx.test:core:1.6.1] AndroidManifest.xml:45:13-36
238            android:theme="@style/WhiteBackgroundDialogTheme" >
238-->[androidx.test:core:1.6.1] AndroidManifest.xml:46:13-62
239            <intent-filter android:priority="-100" >
239-->[androidx.test:core:1.6.1] AndroidManifest.xml:31:13-33:29
239-->[androidx.test:core:1.6.1] AndroidManifest.xml:31:28-51
240                <category android:name="android.intent.category.LAUNCHER" />
240-->src/main/AndroidManifest.xml:27:17-77
240-->src/main/AndroidManifest.xml:27:27-74
241            </intent-filter>
242        </activity>
243
244        <meta-data
244-->[com.google.android.gms:play-services-basement:18.3.0] AndroidManifest.xml:21:9-23:69
245            android:name="com.google.android.gms.version"
245-->[com.google.android.gms:play-services-basement:18.3.0] AndroidManifest.xml:22:13-58
246            android:value="@integer/google_play_services_version" />
246-->[com.google.android.gms:play-services-basement:18.3.0] AndroidManifest.xml:23:13-66
247
248        <receiver
248-->[androidx.profileinstaller:profileinstaller:1.3.1] AndroidManifest.xml:34:9-52:20
249            android:name="androidx.profileinstaller.ProfileInstallReceiver"
249-->[androidx.profileinstaller:profileinstaller:1.3.1] AndroidManifest.xml:35:13-76
250            android:directBootAware="false"
250-->[androidx.profileinstaller:profileinstaller:1.3.1] AndroidManifest.xml:36:13-44
251            android:enabled="true"
251-->[androidx.profileinstaller:profileinstaller:1.3.1] AndroidManifest.xml:37:13-35
252            android:exported="true"
252-->[androidx.profileinstaller:profileinstaller:1.3.1] AndroidManifest.xml:38:13-36
253            android:permission="android.permission.DUMP" >
253-->[androidx.profileinstaller:profileinstaller:1.3.1] AndroidManifest.xml:39:13-57
254            <intent-filter>
254-->[androidx.profileinstaller:profileinstaller:1.3.1] AndroidManifest.xml:40:13-42:29
255                <action android:name="androidx.profileinstaller.action.INSTALL_PROFILE" />
255-->[androidx.profileinstaller:profileinstaller:1.3.1] AndroidManifest.xml:41:17-91
255-->[androidx.profileinstaller:profileinstaller:1.3.1] AndroidManifest.xml:41:25-88
256            </intent-filter>
257            <intent-filter>
257-->[androidx.profileinstaller:profileinstaller:1.3.1] AndroidManifest.xml:43:13-45:29
258                <action android:name="androidx.profileinstaller.action.SKIP_FILE" />